<?xml version="1.0" encoding="UTF-8"?>
<!-- Generated by org.testng.reporters.JUnitXMLReporter -->
<testsuite ignored="0" hostname="DESKTOP-613T72M" failures="1" tests="28" name="Test" time="132.815" errors="0" timestamp="2023-08-07T03:10:08 GMT-11:00">
  <testcase classname="com.qa.testcases.TC_linkTest_001" name="linkTest" time="4.5"/>
  <testcase classname="com.qa.testcases.TC_RegistrationPage_002" name="test1" time="4.345"/>
  <testcase classname="com.qa.testcases.TC_RegistrationPage_002" name="test2" time="1.702"/>
  <testcase classname="com.qa.testcases.TC_RegistrationPage_002" name="checkUser" time="0.029">
    <failure type="java.lang.AssertionError" message="expected [mahin@gmail1.com] but found [My account]">
      <![CDATA[java.lang.AssertionError: expected [mahin@gmail1.com] but found [My account]
at com.qa.testcases.TC_RegistrationPage_002.checkUser(TC_RegistrationPage_002.java:30)
at java.base/java.util.ArrayList.forEach(ArrayList.java:1511)
... Removed 31 stack frames]]>
    </failure>
  </testcase> <!-- checkUser -->
  <testcase classname="com.qa.testcases.TC_LoginPage_003" name="test1" time="4.512"/>
  <testcase classname="com.qa.testcases.TC_LoginPage_003" name="test2" time="1.542"/>
  <testcase classname="com.qa.testcases.TC_LoginPage_003" name="checkUser" time="0.029"/>
  <testcase classname="com.qa.testcases.TC_LoginPage_003" name="test3" time="1.018"/>
  <testcase classname="com.qa.testcases.TC_HomePage_004" name="test1" time="5.045"/>
  <testcase classname="com.qa.testcases.TC_HomePage_004" name="doLogin" time="1.526"/>
  <testcase classname="com.qa.testcases.TC_HomePage_004" name="checkAllLink" time="0.764"/>
  <testcase classname="com.qa.testcases.TC_HomePage_004" name="checkCategoriesLink" time="0.079"/>
  <testcase classname="com.qa.testcases.TC_HomePage_004" name="checkFeaturedProduct" time="8.767"/>
  <testcase classname="com.qa.testcases.TC_HomePage_004" name="doLogOut" time="1.203"/>
  <testcase classname="com.qa.testcases.TC_ProductDetailsPage_005" name="test1" time="4.272"/>
  <testcase classname="com.qa.testcases.TC_ProductDetailsPage_005" name="doLogin" time="1.514"/>
  <testcase classname="com.qa.testcases.TC_ProductDetailsPage_005" name="Quantity" time="14.375"/>
  <testcase classname="com.qa.testcases.TC_ProductDetailsPage_005" name="doLogOut" time="1.105"/>
  <testcase classname="com.qa.testcases.TC_CategoryPage_006" name="test1" time="3.87"/>
  <testcase classname="com.qa.testcases.TC_CategoryPage_006" name="doLogin" time="1.629"/>
  <testcase classname="com.qa.testcases.TC_CategoryPage_006" name="test2" time="2.567"/>
  <testcase classname="com.qa.testcases.TC_CategoryPage_006" name="test3" time="6.142"/>
  <testcase classname="com.qa.testcases.TC_CategoryPage_006" name="doLogOut" time="4.466"/>
  <testcase classname="com.qa.testcases.TC_ShoppingCard_007" name="test1" time="4.115"/>
  <testcase classname="com.qa.testcases.TC_ShoppingCard_007" name="doLogin" time="1.64"/>
  <testcase classname="com.qa.testcases.TC_ShoppingCard_007" name="test4" time="3.756"/>
  <testcase classname="com.qa.testcases.TC_ShoppingCard_007" name="test5" time="39.367"/>
  <testcase classname="com.qa.testcases.TC_ShoppingCard_007" name="doLogOut" time="0.89"/>
</testsuite> <!-- Test -->
